This file contains any messages produced by compilers while
running configure, to aid debugging if configure makes a mistake.

It was created by stressapptest configure 1.0.9_autoconf, which was
generated by GNU Autoconf 2.69.  Invocation command line was

  $ ./configure --host=aarch64-linux-gnu --with-static

## --------- ##
## Platform. ##
## --------- ##

hostname = ubuntu
uname -m = x86_64
uname -r = 4.15.0-107-generic
uname -s = Linux
uname -v = #108~16.04.1-Ubuntu SMP Fri Jun 12 02:57:13 UTC 2020

/usr/bin/uname -p = unknown
/bin/uname -X     = unknown

/bin/arch              = unknown
/usr/bin/arch -k       = unknown
/usr/convex/getsysinfo = unknown
/usr/bin/hostinfo      = unknown
/bin/machine           = unknown
/usr/bin/oslevel       = unknown
/bin/universe          = unknown

PATH: /home/pcie/bin
PATH: /home/pcie/.local/bin
PATH: /usr/local/sbin
PATH: /usr/local/bin
PATH: /usr/sbin
PATH: /usr/bin
PATH: /sbin
PATH: /bin
PATH: /usr/games
PATH: /usr/local/games
PATH: /snap/bin
PATH: /home/pcie/nfs/prebuilts/gcc/linux-x86/aarch64/gcc-linaro-6.3.1-2017.05-x86_64_aarch64-linux-gnu/bin


## ----------- ##
## Core tests. ##
## ----------- ##

configure:2379: Compiling with staticaly linked libraries.
configure:2420: checking build system type
configure:2434: result: x86_64-pc-linux-gnu
configure:2454: checking host system type
configure:2467: result: aarch64-unknown-linux-gnu
configure:2585: checking for a BSD-compatible install
configure:2653: result: /usr/bin/install -c
configure:2664: checking whether build environment is sane
configure:2714: result: yes
configure:2763: checking for aarch64-linux-gnu-strip
configure:2779: found /home/pcie/nfs/prebuilts/gcc/linux-x86/aarch64/gcc-linaro-6.3.1-2017.05-x86_64_aarch64-linux-gnu/bin/aarch64-linux-gnu-strip
configure:2790: result: aarch64-linux-gnu-strip
configure:2855: checking for a thread-safe mkdir -p
configure:2894: result: /bin/mkdir -p
configure:2907: checking for gawk
configure:2923: found /usr/bin/gawk
configure:2934: result: gawk
configure:2945: checking whether make sets $(MAKE)
configure:2967: result: yes
configure:3069: checking for aarch64-linux-gnu-g++
configure:3085: found /home/pcie/nfs/prebuilts/gcc/linux-x86/aarch64/gcc-linaro-6.3.1-2017.05-x86_64_aarch64-linux-gnu/bin/aarch64-linux-gnu-g++
configure:3096: result: aarch64-linux-gnu-g++
configure:3167: checking for C++ compiler version
configure:3176: aarch64-linux-gnu-g++ --version >&5
aarch64-linux-gnu-g++ (Linaro GCC 6.3-2017.05) 6.3.1 20170404
Copyright (C) 2016 Free Software Foundation, Inc.
This is free software; see the source for copying conditions.  There is NO
warranty; not even for MERCHANTABILITY or FITNESS FOR A PARTICULAR PURPOSE.

configure:3187: $? = 0
configure:3176: aarch64-linux-gnu-g++ -v >&5
Using built-in specs.
COLLECT_GCC=aarch64-linux-gnu-g++
COLLECT_LTO_WRAPPER=/home/pcie/nfs/prebuilts/gcc/linux-x86/aarch64/gcc-linaro-6.3.1-2017.05-x86_64_aarch64-linux-gnu/bin/../libexec/gcc/aarch64-linux-gnu/6.3.1/lto-wrapper
Target: aarch64-linux-gnu
Configured with: '/home/tcwg-buildslave/workspace/tcwg-make-release/builder_arch/amd64/label/tcwg-x86_64-build/target/aarch64-linux-gnu/snapshots/gcc.git~linaro-6.3-2017.05/configure' SHELL=/bin/bash --with-mpc=/home/tcwg-buildslave/workspace/tcwg-make-release/builder_arch/amd64/label/tcwg-x86_64-build/target/aarch64-linux-gnu/_build/builds/destdir/x86_64-unknown-linux-gnu --with-mpfr=/home/tcwg-buildslave/workspace/tcwg-make-release/builder_arch/amd64/label/tcwg-x86_64-build/target/aarch64-linux-gnu/_build/builds/destdir/x86_64-unknown-linux-gnu --with-gmp=/home/tcwg-buildslave/workspace/tcwg-make-release/builder_arch/amd64/label/tcwg-x86_64-build/target/aarch64-linux-gnu/_build/builds/destdir/x86_64-unknown-linux-gnu --with-gnu-as --with-gnu-ld --disable-libmudflap --enable-lto --enable-shared --without-included-gettext --enable-nls --disable-sjlj-exceptions --enable-gnu-unique-object --enable-linker-build-id --disable-libstdcxx-pch --enable-c99 --enable-clocale=gnu --enable-libstdcxx-debug --enable-long-long --with-cloog=no --with-ppl=no --with-isl=no --disable-multilib --enable-fix-cortex-a53-835769 --enable-fix-cortex-a53-843419 --with-arch=armv8-a --enable-threads=posix --enable-multiarch --enable-libstdcxx-time=yes --enable-gnu-indirect-function --with-build-sysroot=/home/tcwg-buildslave/workspace/tcwg-make-release/builder_arch/amd64/label/tcwg-x86_64-build/target/aarch64-linux-gnu/_build/sysroots/aarch64-linux-gnu --with-sysroot=/home/tcwg-buildslave/workspace/tcwg-make-release/builder_arch/amd64/label/tcwg-x86_64-build/target/aarch64-linux-gnu/_build/builds/destdir/x86_64-unknown-linux-gnu/aarch64-linux-gnu/libc --enable-checking=release --disable-bootstrap --enable-languages=c,c++,fortran,lto --build=x86_64-unknown-linux-gnu --host=x86_64-unknown-linux-gnu --target=aarch64-linux-gnu --prefix=/home/tcwg-buildslave/workspace/tcwg-make-release/builder_arch/amd64/label/tcwg-x86_64-build/target/aarch64-linux-gnu/_build/builds/destdir/x86_64-unknown-linux-gnu
Thread model: posix
gcc version 6.3.1 20170404 (Linaro GCC 6.3-2017.05) 
configure:3187: $? = 0
configure:3176: aarch64-linux-gnu-g++ -V >&5
aarch64-linux-gnu-g++: error: unrecognized command line option '-V'
aarch64-linux-gnu-g++: fatal error: no input files
compilation terminated.
configure:3187: $? = 1
configure:3176: aarch64-linux-gnu-g++ -qversion >&5
aarch64-linux-gnu-g++: error: unrecognized command line option '-qversion'; did you mean '--version'?
aarch64-linux-gnu-g++: fatal error: no input files
compilation terminated.
configure:3187: $? = 1
configure:3207: checking whether the C++ compiler works
configure:3229: aarch64-linux-gnu-g++    conftest.cpp  -static >&5
configure:3233: $? = 0
configure:3281: result: yes
configure:3284: checking for C++ compiler default output file name
configure:3286: result: a.out
configure:3292: checking for suffix of executables
configure:3299: aarch64-linux-gnu-g++ -o conftest    conftest.cpp  -static >&5
configure:3303: $? = 0
configure:3325: result: 
configure:3347: checking whether we are cross compiling
configure:3355: aarch64-linux-gnu-g++ -o conftest    conftest.cpp  -static >&5
configure:3359: $? = 0
configure:3366: ./conftest
./configure: line 3368: ./conftest: cannot execute binary file: Exec format error
configure:3370: $? = 126
configure:3385: result: yes
configure:3390: checking for suffix of object files
configure:3412: aarch64-linux-gnu-g++ -c   conftest.cpp >&5
configure:3416: $? = 0
configure:3437: result: o
configure:3441: checking whether we are using the GNU C++ compiler
configure:3460: aarch64-linux-gnu-g++ -c   conftest.cpp >&5
configure:3460: $? = 0
configure:3469: result: yes
configure:3478: checking whether aarch64-linux-gnu-g++ accepts -g
configure:3498: aarch64-linux-gnu-g++ -c -g  conftest.cpp >&5
configure:3498: $? = 0
configure:3539: result: yes
configure:3573: checking for style of include used by make
configure:3601: result: GNU
configure:3626: checking dependency style of aarch64-linux-gnu-g++
configure:3736: result: gcc3
configure:3759: checking for aarch64-linux-gnu-gcc
configure:3775: found /home/pcie/nfs/prebuilts/gcc/linux-x86/aarch64/gcc-linaro-6.3.1-2017.05-x86_64_aarch64-linux-gnu/bin/aarch64-linux-gnu-gcc
configure:3786: result: aarch64-linux-gnu-gcc
configure:4055: checking for C compiler version
configure:4064: aarch64-linux-gnu-gcc --version >&5
aarch64-linux-gnu-gcc (Linaro GCC 6.3-2017.05) 6.3.1 20170404
Copyright (C) 2016 Free Software Foundation, Inc.
This is free software; see the source for copying conditions.  There is NO
warranty; not even for MERCHANTABILITY or FITNESS FOR A PARTICULAR PURPOSE.

configure:4075: $? = 0
configure:4064: aarch64-linux-gnu-gcc -v >&5
Using built-in specs.
COLLECT_GCC=aarch64-linux-gnu-gcc
COLLECT_LTO_WRAPPER=/home/pcie/nfs/prebuilts/gcc/linux-x86/aarch64/gcc-linaro-6.3.1-2017.05-x86_64_aarch64-linux-gnu/bin/../libexec/gcc/aarch64-linux-gnu/6.3.1/lto-wrapper
Target: aarch64-linux-gnu
Configured with: '/home/tcwg-buildslave/workspace/tcwg-make-release/builder_arch/amd64/label/tcwg-x86_64-build/target/aarch64-linux-gnu/snapshots/gcc.git~linaro-6.3-2017.05/configure' SHELL=/bin/bash --with-mpc=/home/tcwg-buildslave/workspace/tcwg-make-release/builder_arch/amd64/label/tcwg-x86_64-build/target/aarch64-linux-gnu/_build/builds/destdir/x86_64-unknown-linux-gnu --with-mpfr=/home/tcwg-buildslave/workspace/tcwg-make-release/builder_arch/amd64/label/tcwg-x86_64-build/target/aarch64-linux-gnu/_build/builds/destdir/x86_64-unknown-linux-gnu --with-gmp=/home/tcwg-buildslave/workspace/tcwg-make-release/builder_arch/amd64/label/tcwg-x86_64-build/target/aarch64-linux-gnu/_build/builds/destdir/x86_64-unknown-linux-gnu --with-gnu-as --with-gnu-ld --disable-libmudflap --enable-lto --enable-shared --without-included-gettext --enable-nls --disable-sjlj-exceptions --enable-gnu-unique-object --enable-linker-build-id --disable-libstdcxx-pch --enable-c99 --enable-clocale=gnu --enable-libstdcxx-debug --enable-long-long --with-cloog=no --with-ppl=no --with-isl=no --disable-multilib --enable-fix-cortex-a53-835769 --enable-fix-cortex-a53-843419 --with-arch=armv8-a --enable-threads=posix --enable-multiarch --enable-libstdcxx-time=yes --enable-gnu-indirect-function --with-build-sysroot=/home/tcwg-buildslave/workspace/tcwg-make-release/builder_arch/amd64/label/tcwg-x86_64-build/target/aarch64-linux-gnu/_build/sysroots/aarch64-linux-gnu --with-sysroot=/home/tcwg-buildslave/workspace/tcwg-make-release/builder_arch/amd64/label/tcwg-x86_64-build/target/aarch64-linux-gnu/_build/builds/destdir/x86_64-unknown-linux-gnu/aarch64-linux-gnu/libc --enable-checking=release --disable-bootstrap --enable-languages=c,c++,fortran,lto --build=x86_64-unknown-linux-gnu --host=x86_64-unknown-linux-gnu --target=aarch64-linux-gnu --prefix=/home/tcwg-buildslave/workspace/tcwg-make-release/builder_arch/amd64/label/tcwg-x86_64-build/target/aarch64-linux-gnu/_build/builds/destdir/x86_64-unknown-linux-gnu
Thread model: posix
gcc version 6.3.1 20170404 (Linaro GCC 6.3-2017.05) 
configure:4075: $? = 0
configure:4064: aarch64-linux-gnu-gcc -V >&5
aarch64-linux-gnu-gcc: error: unrecognized command line option '-V'
aarch64-linux-gnu-gcc: fatal error: no input files
compilation terminated.
configure:4075: $? = 1
configure:4064: aarch64-linux-gnu-gcc -qversion >&5
aarch64-linux-gnu-gcc: error: unrecognized command line option '-qversion'; did you mean '--version'?
aarch64-linux-gnu-gcc: fatal error: no input files
compilation terminated.
configure:4075: $? = 1
configure:4079: checking whether we are using the GNU C compiler
configure:4098: aarch64-linux-gnu-gcc -c   conftest.c >&5
configure:4098: $? = 0
configure:4107: result: yes
configure:4116: checking whether aarch64-linux-gnu-gcc accepts -g
configure:4136: aarch64-linux-gnu-gcc -c -g  conftest.c >&5
configure:4136: $? = 0
configure:4177: result: yes
configure:4194: checking for aarch64-linux-gnu-gcc option to accept ISO C89
configure:4257: aarch64-linux-gnu-gcc  -c -g -O2  conftest.c >&5
configure:4257: $? = 0
configure:4270: result: none needed
configure:4292: checking dependency style of aarch64-linux-gnu-gcc
configure:4402: result: gcc3
configure:4420: checking user ID
configure:4422: result: pcie
configure:4426: checking host name
configure:4428: result: ubuntu
configure:4432: checking current timestamp
configure:4434: result: Wed Jul 15 20:42:59 CST 2020
configure:4462: checking for dirent.h that defines DIR
configure:4481: aarch64-linux-gnu-gcc -c -g -O2  conftest.c >&5
configure:4481: $? = 0
configure:4489: result: yes
configure:4502: checking for library containing opendir
configure:4533: aarch64-linux-gnu-gcc -o conftest -g -O2   conftest.c  -static >&5
configure:4533: $? = 0
configure:4550: result: none required
configure:4622: checking how to run the C preprocessor
configure:4653: aarch64-linux-gnu-gcc -E  conftest.c
configure:4653: $? = 0
configure:4667: aarch64-linux-gnu-gcc -E  conftest.c
conftest.c:15:28: fatal error: ac_nonexistent.h: No such file or directory
 #include <ac_nonexistent.h>
                            ^
compilation terminated.
configure:4667: $? = 1
configure: failed program was:
| /* confdefs.h */
| #define PACKAGE_NAME "stressapptest"
| #define PACKAGE_TARNAME "stressapptest"
| #define PACKAGE_VERSION "1.0.9_autoconf"
| #define PACKAGE_STRING "stressapptest 1.0.9_autoconf"
| #define PACKAGE_BUGREPORT "opensource@google.com"
| #define PACKAGE_URL ""
| #define STRESSAPPTEST_CPU_AARCH64 /**/
| #define STRESSAPPTEST_OS_LINUX /**/
| #define PACKAGE "stressapptest"
| #define VERSION "1.0.9_autoconf"
| #define STRESSAPPTEST_TIMESTAMP "pcie @ ubuntu on Wed Jul 15 20:42:59 CST 2020"
| #define HAVE_DIRENT_H 1
| /* end confdefs.h.  */
| #include <ac_nonexistent.h>
configure:4692: result: aarch64-linux-gnu-gcc -E
configure:4712: aarch64-linux-gnu-gcc -E  conftest.c
configure:4712: $? = 0
configure:4726: aarch64-linux-gnu-gcc -E  conftest.c
conftest.c:15:28: fatal error: ac_nonexistent.h: No such file or directory
 #include <ac_nonexistent.h>
                            ^
compilation terminated.
configure:4726: $? = 1
configure: failed program was:
| /* confdefs.h */
| #define PACKAGE_NAME "stressapptest"
| #define PACKAGE_TARNAME "stressapptest"
| #define PACKAGE_VERSION "1.0.9_autoconf"
| #define PACKAGE_STRING "stressapptest 1.0.9_autoconf"
| #define PACKAGE_BUGREPORT "opensource@google.com"
| #define PACKAGE_URL ""
| #define STRESSAPPTEST_CPU_AARCH64 /**/
| #define STRESSAPPTEST_OS_LINUX /**/
| #define PACKAGE "stressapptest"
| #define VERSION "1.0.9_autoconf"
| #define STRESSAPPTEST_TIMESTAMP "pcie @ ubuntu on Wed Jul 15 20:42:59 CST 2020"
| #define HAVE_DIRENT_H 1
| /* end confdefs.h.  */
| #include <ac_nonexistent.h>
configure:4755: checking for grep that handles long lines and -e
configure:4813: result: /bin/grep
configure:4818: checking for egrep
configure:4880: result: /bin/grep -E
configure:4885: checking for ANSI C header files
configure:4905: aarch64-linux-gnu-gcc -c -g -O2  conftest.c >&5
configure:4905: $? = 0
configure:4989: result: yes
configure:5003: checking for sys/types.h
configure:5003: aarch64-linux-gnu-gcc -c -g -O2  conftest.c >&5
configure:5003: $? = 0
configure:5003: result: yes
configure:5003: checking for sys/stat.h
configure:5003: aarch64-linux-gnu-gcc -c -g -O2  conftest.c >&5
configure:5003: $? = 0
configure:5003: result: yes
configure:5003: checking for stdlib.h
configure:5003: aarch64-linux-gnu-gcc -c -g -O2  conftest.c >&5
configure:5003: $? = 0
configure:5003: result: yes
configure:5003: checking for string.h
configure:5003: aarch64-linux-gnu-gcc -c -g -O2  conftest.c >&5
configure:5003: $? = 0
configure:5003: result: yes
configure:5003: checking for memory.h
configure:5003: aarch64-linux-gnu-gcc -c -g -O2  conftest.c >&5
configure:5003: $? = 0
configure:5003: result: yes
configure:5003: checking for strings.h
configure:5003: aarch64-linux-gnu-gcc -c -g -O2  conftest.c >&5
configure:5003: $? = 0
configure:5003: result: yes
configure:5003: checking for inttypes.h
configure:5003: aarch64-linux-gnu-gcc -c -g -O2  conftest.c >&5
configure:5003: $? = 0
configure:5003: result: yes
configure:5003: checking for stdint.h
configure:5003: aarch64-linux-gnu-gcc -c -g -O2  conftest.c >&5
configure:5003: $? = 0
configure:5003: result: yes
configure:5003: checking for unistd.h
configure:5003: aarch64-linux-gnu-gcc -c -g -O2  conftest.c >&5
configure:5003: $? = 0
configure:5003: result: yes
configure:5018: checking arpa/inet.h usability
configure:5018: aarch64-linux-gnu-gcc -c -g -O2  conftest.c >&5
configure:5018: $? = 0
configure:5018: result: yes
configure:5018: checking arpa/inet.h presence
configure:5018: aarch64-linux-gnu-gcc -E  conftest.c
configure:5018: $? = 0
configure:5018: result: yes
configure:5018: checking for arpa/inet.h
configure:5018: result: yes
configure:5018: checking fcntl.h usability
configure:5018: aarch64-linux-gnu-gcc -c -g -O2  conftest.c >&5
configure:5018: $? = 0
configure:5018: result: yes
configure:5018: checking fcntl.h presence
configure:5018: aarch64-linux-gnu-gcc -E  conftest.c
configure:5018: $? = 0
configure:5018: result: yes
configure:5018: checking for fcntl.h
configure:5018: result: yes
configure:5018: checking netdb.h usability
configure:5018: aarch64-linux-gnu-gcc -c -g -O2  conftest.c >&5
configure:5018: $? = 0
configure:5018: result: yes
configure:5018: checking netdb.h presence
configure:5018: aarch64-linux-gnu-gcc -E  conftest.c
configure:5018: $? = 0
configure:5018: result: yes
configure:5018: checking for netdb.h
configure:5018: result: yes
configure:5018: checking for stdint.h
configure:5018: result: yes
configure:5018: checking for stdlib.h
configure:5018: result: yes
configure:5018: checking for string.h
configure:5018: result: yes
configure:5018: checking sys/ioctl.h usability
configure:5018: aarch64-linux-gnu-gcc -c -g -O2  conftest.c >&5
configure:5018: $? = 0
configure:5018: result: yes
configure:5018: checking sys/ioctl.h presence
configure:5018: aarch64-linux-gnu-gcc -E  conftest.c
configure:5018: $? = 0
configure:5018: result: yes
configure:5018: checking for sys/ioctl.h
configure:5018: result: yes
configure:5018: checking sys/socket.h usability
configure:5018: aarch64-linux-gnu-gcc -c -g -O2  conftest.c >&5
configure:5018: $? = 0
configure:5018: result: yes
configure:5018: checking sys/socket.h presence
configure:5018: aarch64-linux-gnu-gcc -E  conftest.c
configure:5018: $? = 0
configure:5018: result: yes
configure:5018: checking for sys/socket.h
configure:5018: result: yes
configure:5018: checking sys/time.h usability
configure:5018: aarch64-linux-gnu-gcc -c -g -O2  conftest.c >&5
configure:5018: $? = 0
configure:5018: result: yes
configure:5018: checking sys/time.h presence
configure:5018: aarch64-linux-gnu-gcc -E  conftest.c
configure:5018: $? = 0
configure:5018: result: yes
configure:5018: checking for sys/time.h
configure:5018: result: yes
configure:5018: checking for unistd.h
configure:5018: result: yes
configure:5035: checking pthread.h usability
configure:5035: aarch64-linux-gnu-gcc -c -g -O2  conftest.c >&5
configure:5035: $? = 0
configure:5035: result: yes
configure:5035: checking pthread.h presence
configure:5035: aarch64-linux-gnu-gcc -E  conftest.c
configure:5035: $? = 0
configure:5035: result: yes
configure:5035: checking for pthread.h
configure:5035: result: yes
configure:5045: checking for library containing pthread_create
configure:5076: aarch64-linux-gnu-gcc -o conftest -g -O2   conftest.c  -static >&5
/tmp/ccoF7fuS.o: In function `main':
/home/pcie/compiling-library/stressapptest/stressapptest-master/conftest.c:47: undefined reference to `pthread_create'
collect2: error: ld returned 1 exit status
configure:5076: $? = 1
configure: failed program was:
| /* confdefs.h */
| #define PACKAGE_NAME "stressapptest"
| #define PACKAGE_TARNAME "stressapptest"
| #define PACKAGE_VERSION "1.0.9_autoconf"
| #define PACKAGE_STRING "stressapptest 1.0.9_autoconf"
| #define PACKAGE_BUGREPORT "opensource@google.com"
| #define PACKAGE_URL ""
| #define STRESSAPPTEST_CPU_AARCH64 /**/
| #define STRESSAPPTEST_OS_LINUX /**/
| #define PACKAGE "stressapptest"
| #define VERSION "1.0.9_autoconf"
| #define STRESSAPPTEST_TIMESTAMP "pcie @ ubuntu on Wed Jul 15 20:42:59 CST 2020"
| #define HAVE_DIRENT_H 1
| #define STDC_HEADERS 1
| #define HAVE_SYS_TYPES_H 1
| #define HAVE_SYS_STAT_H 1
| #define HAVE_STDLIB_H 1
| #define HAVE_STRING_H 1
| #define HAVE_MEMORY_H 1
| #define HAVE_STRINGS_H 1
| #define HAVE_INTTYPES_H 1
| #define HAVE_STDINT_H 1
| #define HAVE_UNISTD_H 1
| #define HAVE_ARPA_INET_H 1
| #define HAVE_FCNTL_H 1
| #define HAVE_NETDB_H 1
| #define HAVE_STDINT_H 1
| #define HAVE_STDLIB_H 1
| #define HAVE_STRING_H 1
| #define HAVE_SYS_IOCTL_H 1
| #define HAVE_SYS_SOCKET_H 1
| #define HAVE_SYS_TIME_H 1
| #define HAVE_UNISTD_H 1
| #define HAVE_PTHREAD_H 1
| /* end confdefs.h.  */
| 
| /* Override any GCC internal prototype to avoid an error.
|    Use char because int might match the return type of a GCC
|    builtin and then its argument prototype would still apply.  */
| #ifdef __cplusplus
| extern "C"
| #endif
| char pthread_create ();
| int
| main ()
| {
| return pthread_create ();
|   ;
|   return 0;
| }
configure:5076: aarch64-linux-gnu-gcc -o conftest -g -O2   conftest.c -lpthread   -static >&5
configure:5076: $? = 0
configure:5093: result: -lpthread
configure:5101: checking for pthread_barrier_t
configure:5101: aarch64-linux-gnu-gcc -c -g -O2  conftest.c >&5
configure:5101: $? = 0
configure:5101: aarch64-linux-gnu-gcc -c -g -O2  conftest.c >&5
conftest.c: In function 'main':
conftest.c:72:32: error: expected expression before ')' token
 if (sizeof ((pthread_barrier_t)))
                                ^
configure:5101: $? = 1
configure: failed program was:
| /* confdefs.h */
| #define PACKAGE_NAME "stressapptest"
| #define PACKAGE_TARNAME "stressapptest"
| #define PACKAGE_VERSION "1.0.9_autoconf"
| #define PACKAGE_STRING "stressapptest 1.0.9_autoconf"
| #define PACKAGE_BUGREPORT "opensource@google.com"
| #define PACKAGE_URL ""
| #define STRESSAPPTEST_CPU_AARCH64 /**/
| #define STRESSAPPTEST_OS_LINUX /**/
| #define PACKAGE "stressapptest"
| #define VERSION "1.0.9_autoconf"
| #define STRESSAPPTEST_TIMESTAMP "pcie @ ubuntu on Wed Jul 15 20:42:59 CST 2020"
| #define HAVE_DIRENT_H 1
| #define STDC_HEADERS 1
| #define HAVE_SYS_TYPES_H 1
| #define HAVE_SYS_STAT_H 1
| #define HAVE_STDLIB_H 1
| #define HAVE_STRING_H 1
| #define HAVE_MEMORY_H 1
| #define HAVE_STRINGS_H 1
| #define HAVE_INTTYPES_H 1
| #define HAVE_STDINT_H 1
| #define HAVE_UNISTD_H 1
| #define HAVE_ARPA_INET_H 1
| #define HAVE_FCNTL_H 1
| #define HAVE_NETDB_H 1
| #define HAVE_STDINT_H 1
| #define HAVE_STDLIB_H 1
| #define HAVE_STRING_H 1
| #define HAVE_SYS_IOCTL_H 1
| #define HAVE_SYS_SOCKET_H 1
| #define HAVE_SYS_TIME_H 1
| #define HAVE_UNISTD_H 1
| #define HAVE_PTHREAD_H 1
| /* end confdefs.h.  */
| #include <stdio.h>
| #ifdef HAVE_SYS_TYPES_H
| # include <sys/types.h>
| #endif
| #ifdef HAVE_SYS_STAT_H
| # include <sys/stat.h>
| #endif
| #ifdef STDC_HEADERS
| # include <stdlib.h>
| # include <stddef.h>
| #else
| # ifdef HAVE_STDLIB_H
| #  include <stdlib.h>
| # endif
| #endif
| #ifdef HAVE_STRING_H
| # if !defined STDC_HEADERS && defined HAVE_MEMORY_H
| #  include <memory.h>
| # endif
| # include <string.h>
| #endif
| #ifdef HAVE_STRINGS_H
| # include <strings.h>
| #endif
| #ifdef HAVE_INTTYPES_H
| # include <inttypes.h>
| #endif
| #ifdef HAVE_STDINT_H
| # include <stdint.h>
| #endif
| #ifdef HAVE_UNISTD_H
| # include <unistd.h>
| #endif
| int
| main ()
| {
| if (sizeof ((pthread_barrier_t)))
| 	    return 0;
|   ;
|   return 0;
| }
configure:5101: result: yes
configure:5110: checking libaio.h usability
configure:5110: aarch64-linux-gnu-gcc -c -g -O2  conftest.c >&5
conftest.c:70:20: fatal error: libaio.h: No such file or directory
 #include <libaio.h>
                    ^
compilation terminated.
configure:5110: $? = 1
configure: failed program was:
| /* confdefs.h */
| #define PACKAGE_NAME "stressapptest"
| #define PACKAGE_TARNAME "stressapptest"
| #define PACKAGE_VERSION "1.0.9_autoconf"
| #define PACKAGE_STRING "stressapptest 1.0.9_autoconf"
| #define PACKAGE_BUGREPORT "opensource@google.com"
| #define PACKAGE_URL ""
| #define STRESSAPPTEST_CPU_AARCH64 /**/
| #define STRESSAPPTEST_OS_LINUX /**/
| #define PACKAGE "stressapptest"
| #define VERSION "1.0.9_autoconf"
| #define STRESSAPPTEST_TIMESTAMP "pcie @ ubuntu on Wed Jul 15 20:42:59 CST 2020"
| #define HAVE_DIRENT_H 1
| #define STDC_HEADERS 1
| #define HAVE_SYS_TYPES_H 1
| #define HAVE_SYS_STAT_H 1
| #define HAVE_STDLIB_H 1
| #define HAVE_STRING_H 1
| #define HAVE_MEMORY_H 1
| #define HAVE_STRINGS_H 1
| #define HAVE_INTTYPES_H 1
| #define HAVE_STDINT_H 1
| #define HAVE_UNISTD_H 1
| #define HAVE_ARPA_INET_H 1
| #define HAVE_FCNTL_H 1
| #define HAVE_NETDB_H 1
| #define HAVE_STDINT_H 1
| #define HAVE_STDLIB_H 1
| #define HAVE_STRING_H 1
| #define HAVE_SYS_IOCTL_H 1
| #define HAVE_SYS_SOCKET_H 1
| #define HAVE_SYS_TIME_H 1
| #define HAVE_UNISTD_H 1
| #define HAVE_PTHREAD_H 1
| #define HAVE_PTHREAD_BARRIERS 1
| /* end confdefs.h.  */
| #include <stdio.h>
| #ifdef HAVE_SYS_TYPES_H
| # include <sys/types.h>
| #endif
| #ifdef HAVE_SYS_STAT_H
| # include <sys/stat.h>
| #endif
| #ifdef STDC_HEADERS
| # include <stdlib.h>
| # include <stddef.h>
| #else
| # ifdef HAVE_STDLIB_H
| #  include <stdlib.h>
| # endif
| #endif
| #ifdef HAVE_STRING_H
| # if !defined STDC_HEADERS && defined HAVE_MEMORY_H
| #  include <memory.h>
| # endif
| # include <string.h>
| #endif
| #ifdef HAVE_STRINGS_H
| # include <strings.h>
| #endif
| #ifdef HAVE_INTTYPES_H
| # include <inttypes.h>
| #endif
| #ifdef HAVE_STDINT_H
| # include <stdint.h>
| #endif
| #ifdef HAVE_UNISTD_H
| # include <unistd.h>
| #endif
| #include <libaio.h>
configure:5110: result: no
configure:5110: checking libaio.h presence
configure:5110: aarch64-linux-gnu-gcc -E  conftest.c
conftest.c:37:20: fatal error: libaio.h: No such file or directory
 #include <libaio.h>
                    ^
compilation terminated.
configure:5110: $? = 1
configure: failed program was:
| /* confdefs.h */
| #define PACKAGE_NAME "stressapptest"
| #define PACKAGE_TARNAME "stressapptest"
| #define PACKAGE_VERSION "1.0.9_autoconf"
| #define PACKAGE_STRING "stressapptest 1.0.9_autoconf"
| #define PACKAGE_BUGREPORT "opensource@google.com"
| #define PACKAGE_URL ""
| #define STRESSAPPTEST_CPU_AARCH64 /**/
| #define STRESSAPPTEST_OS_LINUX /**/
| #define PACKAGE "stressapptest"
| #define VERSION "1.0.9_autoconf"
| #define STRESSAPPTEST_TIMESTAMP "pcie @ ubuntu on Wed Jul 15 20:42:59 CST 2020"
| #define HAVE_DIRENT_H 1
| #define STDC_HEADERS 1
| #define HAVE_SYS_TYPES_H 1
| #define HAVE_SYS_STAT_H 1
| #define HAVE_STDLIB_H 1
| #define HAVE_STRING_H 1
| #define HAVE_MEMORY_H 1
| #define HAVE_STRINGS_H 1
| #define HAVE_INTTYPES_H 1
| #define HAVE_STDINT_H 1
| #define HAVE_UNISTD_H 1
| #define HAVE_ARPA_INET_H 1
| #define HAVE_FCNTL_H 1
| #define HAVE_NETDB_H 1
| #define HAVE_STDINT_H 1
| #define HAVE_STDLIB_H 1
| #define HAVE_STRING_H 1
| #define HAVE_SYS_IOCTL_H 1
| #define HAVE_SYS_SOCKET_H 1
| #define HAVE_SYS_TIME_H 1
| #define HAVE_UNISTD_H 1
| #define HAVE_PTHREAD_H 1
| #define HAVE_PTHREAD_BARRIERS 1
| /* end confdefs.h.  */
| #include <libaio.h>
configure:5110: result: no
configure:5110: checking for libaio.h
configure:5110: result: no
configure:5120: checking for library containing io_setup
configure:5151: aarch64-linux-gnu-gcc -o conftest -g -O2   conftest.c -lpthread  -static >&5
/tmp/cccgiiIp.o: In function `main':
/home/pcie/compiling-library/stressapptest/stressapptest-master/conftest.c:48: undefined reference to `io_setup'
collect2: error: ld returned 1 exit status
configure:5151: $? = 1
configure: failed program was:
| /* confdefs.h */
| #define PACKAGE_NAME "stressapptest"
| #define PACKAGE_TARNAME "stressapptest"
| #define PACKAGE_VERSION "1.0.9_autoconf"
| #define PACKAGE_STRING "stressapptest 1.0.9_autoconf"
| #define PACKAGE_BUGREPORT "opensource@google.com"
| #define PACKAGE_URL ""
| #define STRESSAPPTEST_CPU_AARCH64 /**/
| #define STRESSAPPTEST_OS_LINUX /**/
| #define PACKAGE "stressapptest"
| #define VERSION "1.0.9_autoconf"
| #define STRESSAPPTEST_TIMESTAMP "pcie @ ubuntu on Wed Jul 15 20:42:59 CST 2020"
| #define HAVE_DIRENT_H 1
| #define STDC_HEADERS 1
| #define HAVE_SYS_TYPES_H 1
| #define HAVE_SYS_STAT_H 1
| #define HAVE_STDLIB_H 1
| #define HAVE_STRING_H 1
| #define HAVE_MEMORY_H 1
| #define HAVE_STRINGS_H 1
| #define HAVE_INTTYPES_H 1
| #define HAVE_STDINT_H 1
| #define HAVE_UNISTD_H 1
| #define HAVE_ARPA_INET_H 1
| #define HAVE_FCNTL_H 1
| #define HAVE_NETDB_H 1
| #define HAVE_STDINT_H 1
| #define HAVE_STDLIB_H 1
| #define HAVE_STRING_H 1
| #define HAVE_SYS_IOCTL_H 1
| #define HAVE_SYS_SOCKET_H 1
| #define HAVE_SYS_TIME_H 1
| #define HAVE_UNISTD_H 1
| #define HAVE_PTHREAD_H 1
| #define HAVE_PTHREAD_BARRIERS 1
| /* end confdefs.h.  */
| 
| /* Override any GCC internal prototype to avoid an error.
|    Use char because int might match the return type of a GCC
|    builtin and then its argument prototype would still apply.  */
| #ifdef __cplusplus
| extern "C"
| #endif
| char io_setup ();
| int
| main ()
| {
| return io_setup ();
|   ;
|   return 0;
| }
configure:5151: aarch64-linux-gnu-gcc -o conftest -g -O2   conftest.c -laio  -lpthread  -static >&5
/home/pcie/nfs/prebuilts/gcc/linux-x86/aarch64/gcc-linaro-6.3.1-2017.05-x86_64_aarch64-linux-gnu/bin/../lib/gcc/aarch64-linux-gnu/6.3.1/../../../../aarch64-linux-gnu/bin/ld: cannot find -laio
collect2: error: ld returned 1 exit status
configure:5151: $? = 1
configure: failed program was:
| /* confdefs.h */
| #define PACKAGE_NAME "stressapptest"
| #define PACKAGE_TARNAME "stressapptest"
| #define PACKAGE_VERSION "1.0.9_autoconf"
| #define PACKAGE_STRING "stressapptest 1.0.9_autoconf"
| #define PACKAGE_BUGREPORT "opensource@google.com"
| #define PACKAGE_URL ""
| #define STRESSAPPTEST_CPU_AARCH64 /**/
| #define STRESSAPPTEST_OS_LINUX /**/
| #define PACKAGE "stressapptest"
| #define VERSION "1.0.9_autoconf"
| #define STRESSAPPTEST_TIMESTAMP "pcie @ ubuntu on Wed Jul 15 20:42:59 CST 2020"
| #define HAVE_DIRENT_H 1
| #define STDC_HEADERS 1
| #define HAVE_SYS_TYPES_H 1
| #define HAVE_SYS_STAT_H 1
| #define HAVE_STDLIB_H 1
| #define HAVE_STRING_H 1
| #define HAVE_MEMORY_H 1
| #define HAVE_STRINGS_H 1
| #define HAVE_INTTYPES_H 1
| #define HAVE_STDINT_H 1
| #define HAVE_UNISTD_H 1
| #define HAVE_ARPA_INET_H 1
| #define HAVE_FCNTL_H 1
| #define HAVE_NETDB_H 1
| #define HAVE_STDINT_H 1
| #define HAVE_STDLIB_H 1
| #define HAVE_STRING_H 1
| #define HAVE_SYS_IOCTL_H 1
| #define HAVE_SYS_SOCKET_H 1
| #define HAVE_SYS_TIME_H 1
| #define HAVE_UNISTD_H 1
| #define HAVE_PTHREAD_H 1
| #define HAVE_PTHREAD_BARRIERS 1
| /* end confdefs.h.  */
| 
| /* Override any GCC internal prototype to avoid an error.
|    Use char because int might match the return type of a GCC
|    builtin and then its argument prototype would still apply.  */
| #ifdef __cplusplus
| extern "C"
| #endif
| char io_setup ();
| int
| main ()
| {
| return io_setup ();
|   ;
|   return 0;
| }
configure:5168: result: no
configure:5178: checking sys/shm.h usability
configure:5178: aarch64-linux-gnu-gcc -c -g -O2  conftest.c >&5
configure:5178: $? = 0
configure:5178: result: yes
configure:5178: checking sys/shm.h presence
configure:5178: aarch64-linux-gnu-gcc -E  conftest.c
configure:5178: $? = 0
configure:5178: result: yes
configure:5178: checking for sys/shm.h
configure:5178: result: yes
configure:5188: checking for library containing shm_open
configure:5219: aarch64-linux-gnu-gcc -o conftest -g -O2   conftest.c -lpthread  -static >&5
/tmp/ccb4mu1P.o: In function `main':
/home/pcie/compiling-library/stressapptest/stressapptest-master/conftest.c:49: undefined reference to `shm_open'
collect2: error: ld returned 1 exit status
configure:5219: $? = 1
configure: failed program was:
| /* confdefs.h */
| #define PACKAGE_NAME "stressapptest"
| #define PACKAGE_TARNAME "stressapptest"
| #define PACKAGE_VERSION "1.0.9_autoconf"
| #define PACKAGE_STRING "stressapptest 1.0.9_autoconf"
| #define PACKAGE_BUGREPORT "opensource@google.com"
| #define PACKAGE_URL ""
| #define STRESSAPPTEST_CPU_AARCH64 /**/
| #define STRESSAPPTEST_OS_LINUX /**/
| #define PACKAGE "stressapptest"
| #define VERSION "1.0.9_autoconf"
| #define STRESSAPPTEST_TIMESTAMP "pcie @ ubuntu on Wed Jul 15 20:42:59 CST 2020"
| #define HAVE_DIRENT_H 1
| #define STDC_HEADERS 1
| #define HAVE_SYS_TYPES_H 1
| #define HAVE_SYS_STAT_H 1
| #define HAVE_STDLIB_H 1
| #define HAVE_STRING_H 1
| #define HAVE_MEMORY_H 1
| #define HAVE_STRINGS_H 1
| #define HAVE_INTTYPES_H 1
| #define HAVE_STDINT_H 1
| #define HAVE_UNISTD_H 1
| #define HAVE_ARPA_INET_H 1
| #define HAVE_FCNTL_H 1
| #define HAVE_NETDB_H 1
| #define HAVE_STDINT_H 1
| #define HAVE_STDLIB_H 1
| #define HAVE_STRING_H 1
| #define HAVE_SYS_IOCTL_H 1
| #define HAVE_SYS_SOCKET_H 1
| #define HAVE_SYS_TIME_H 1
| #define HAVE_UNISTD_H 1
| #define HAVE_PTHREAD_H 1
| #define HAVE_PTHREAD_BARRIERS 1
| #define HAVE_SYS_SHM_H 1
| /* end confdefs.h.  */
| 
| /* Override any GCC internal prototype to avoid an error.
|    Use char because int might match the return type of a GCC
|    builtin and then its argument prototype would still apply.  */
| #ifdef __cplusplus
| extern "C"
| #endif
| char shm_open ();
| int
| main ()
| {
| return shm_open ();
|   ;
|   return 0;
| }
configure:5219: aarch64-linux-gnu-gcc -o conftest -g -O2   conftest.c -lrt  -lpthread  -static >&5
configure:5219: $? = 0
configure:5236: result: -lrt
configure:5247: checking for stdbool.h that conforms to C99
configure:5314: aarch64-linux-gnu-gcc -c -g -O2  conftest.c >&5
configure:5314: $? = 0
configure:5321: result: yes
configure:5323: checking for _Bool
configure:5323: aarch64-linux-gnu-gcc -c -g -O2  conftest.c >&5
configure:5323: $? = 0
configure:5323: aarch64-linux-gnu-gcc -c -g -O2  conftest.c >&5
conftest.c: In function 'main':
conftest.c:74:20: error: expected expression before ')' token
 if (sizeof ((_Bool)))
                    ^
configure:5323: $? = 1
configure: failed program was:
| /* confdefs.h */
| #define PACKAGE_NAME "stressapptest"
| #define PACKAGE_TARNAME "stressapptest"
| #define PACKAGE_VERSION "1.0.9_autoconf"
| #define PACKAGE_STRING "stressapptest 1.0.9_autoconf"
| #define PACKAGE_BUGREPORT "opensource@google.com"
| #define PACKAGE_URL ""
| #define STRESSAPPTEST_CPU_AARCH64 /**/
| #define STRESSAPPTEST_OS_LINUX /**/
| #define PACKAGE "stressapptest"
| #define VERSION "1.0.9_autoconf"
| #define STRESSAPPTEST_TIMESTAMP "pcie @ ubuntu on Wed Jul 15 20:42:59 CST 2020"
| #define HAVE_DIRENT_H 1
| #define STDC_HEADERS 1
| #define HAVE_SYS_TYPES_H 1
| #define HAVE_SYS_STAT_H 1
| #define HAVE_STDLIB_H 1
| #define HAVE_STRING_H 1
| #define HAVE_MEMORY_H 1
| #define HAVE_STRINGS_H 1
| #define HAVE_INTTYPES_H 1
| #define HAVE_STDINT_H 1
| #define HAVE_UNISTD_H 1
| #define HAVE_ARPA_INET_H 1
| #define HAVE_FCNTL_H 1
| #define HAVE_NETDB_H 1
| #define HAVE_STDINT_H 1
| #define HAVE_STDLIB_H 1
| #define HAVE_STRING_H 1
| #define HAVE_SYS_IOCTL_H 1
| #define HAVE_SYS_SOCKET_H 1
| #define HAVE_SYS_TIME_H 1
| #define HAVE_UNISTD_H 1
| #define HAVE_PTHREAD_H 1
| #define HAVE_PTHREAD_BARRIERS 1
| #define HAVE_SYS_SHM_H 1
| /* end confdefs.h.  */
| #include <stdio.h>
| #ifdef HAVE_SYS_TYPES_H
| # include <sys/types.h>
| #endif
| #ifdef HAVE_SYS_STAT_H
| # include <sys/stat.h>
| #endif
| #ifdef STDC_HEADERS
| # include <stdlib.h>
| # include <stddef.h>
| #else
| # ifdef HAVE_STDLIB_H
| #  include <stdlib.h>
| # endif
| #endif
| #ifdef HAVE_STRING_H
| # if !defined STDC_HEADERS && defined HAVE_MEMORY_H
| #  include <memory.h>
| # endif
| # include <string.h>
| #endif
| #ifdef HAVE_STRINGS_H
| # include <strings.h>
| #endif
| #ifdef HAVE_INTTYPES_H
| # include <inttypes.h>
| #endif
| #ifdef HAVE_STDINT_H
| # include <stdint.h>
| #endif
| #ifdef HAVE_UNISTD_H
| # include <unistd.h>
| #endif
| int
| main ()
| {
| if (sizeof ((_Bool)))
| 	    return 0;
|   ;
|   return 0;
| }
configure:5323: result: yes
configure:5340: checking for an ANSI C-conforming const
configure:5406: aarch64-linux-gnu-gcc -c -g -O2  conftest.c >&5
configure:5406: $? = 0
configure:5413: result: yes
configure:5421: checking for inline
configure:5437: aarch64-linux-gnu-gcc -c -g -O2  conftest.c >&5
configure:5437: $? = 0
configure:5445: result: inline
configure:5463: checking for pid_t
configure:5463: aarch64-linux-gnu-gcc -c -g -O2  conftest.c >&5
configure:5463: $? = 0
configure:5463: aarch64-linux-gnu-gcc -c -g -O2  conftest.c >&5
conftest.c: In function 'main':
conftest.c:76:20: error: expected expression before ')' token
 if (sizeof ((pid_t)))
                    ^
configure:5463: $? = 1
configure: failed program was:
| /* confdefs.h */
| #define PACKAGE_NAME "stressapptest"
| #define PACKAGE_TARNAME "stressapptest"
| #define PACKAGE_VERSION "1.0.9_autoconf"
| #define PACKAGE_STRING "stressapptest 1.0.9_autoconf"
| #define PACKAGE_BUGREPORT "opensource@google.com"
| #define PACKAGE_URL ""
| #define STRESSAPPTEST_CPU_AARCH64 /**/
| #define STRESSAPPTEST_OS_LINUX /**/
| #define PACKAGE "stressapptest"
| #define VERSION "1.0.9_autoconf"
| #define STRESSAPPTEST_TIMESTAMP "pcie @ ubuntu on Wed Jul 15 20:42:59 CST 2020"
| #define HAVE_DIRENT_H 1
| #define STDC_HEADERS 1
| #define HAVE_SYS_TYPES_H 1
| #define HAVE_SYS_STAT_H 1
| #define HAVE_STDLIB_H 1
| #define HAVE_STRING_H 1
| #define HAVE_MEMORY_H 1
| #define HAVE_STRINGS_H 1
| #define HAVE_INTTYPES_H 1
| #define HAVE_STDINT_H 1
| #define HAVE_UNISTD_H 1
| #define HAVE_ARPA_INET_H 1
| #define HAVE_FCNTL_H 1
| #define HAVE_NETDB_H 1
| #define HAVE_STDINT_H 1
| #define HAVE_STDLIB_H 1
| #define HAVE_STRING_H 1
| #define HAVE_SYS_IOCTL_H 1
| #define HAVE_SYS_SOCKET_H 1
| #define HAVE_SYS_TIME_H 1
| #define HAVE_UNISTD_H 1
| #define HAVE_PTHREAD_H 1
| #define HAVE_PTHREAD_BARRIERS 1
| #define HAVE_SYS_SHM_H 1
| #define HAVE__BOOL 1
| #define HAVE_STDBOOL_H 1
| /* end confdefs.h.  */
| #include <stdio.h>
| #ifdef HAVE_SYS_TYPES_H
| # include <sys/types.h>
| #endif
| #ifdef HAVE_SYS_STAT_H
| # include <sys/stat.h>
| #endif
| #ifdef STDC_HEADERS
| # include <stdlib.h>
| # include <stddef.h>
| #else
| # ifdef HAVE_STDLIB_H
| #  include <stdlib.h>
| # endif
| #endif
| #ifdef HAVE_STRING_H
| # if !defined STDC_HEADERS && defined HAVE_MEMORY_H
| #  include <memory.h>
| # endif
| # include <string.h>
| #endif
| #ifdef HAVE_STRINGS_H
| # include <strings.h>
| #endif
| #ifdef HAVE_INTTYPES_H
| # include <inttypes.h>
| #endif
| #ifdef HAVE_STDINT_H
| # include <stdint.h>
| #endif
| #ifdef HAVE_UNISTD_H
| # include <unistd.h>
| #endif
| int
| main ()
| {
| if (sizeof ((pid_t)))
| 	    return 0;
|   ;
|   return 0;
| }
configure:5463: result: yes
configure:5474: checking for C/C++ restrict keyword
configure:5499: aarch64-linux-gnu-gcc -c -g -O2  conftest.c >&5
configure:5499: $? = 0
configure:5507: result: __restrict
configure:5520: checking for size_t
configure:5520: aarch64-linux-gnu-gcc -c -g -O2  conftest.c >&5
configure:5520: $? = 0
configure:5520: aarch64-linux-gnu-gcc -c -g -O2  conftest.c >&5
conftest.c: In function 'main':
conftest.c:77:21: error: expected expression before ')' token
 if (sizeof ((size_t)))
                     ^
configure:5520: $? = 1
configure: failed program was:
| /* confdefs.h */
| #define PACKAGE_NAME "stressapptest"
| #define PACKAGE_TARNAME "stressapptest"
| #define PACKAGE_VERSION "1.0.9_autoconf"
| #define PACKAGE_STRING "stressapptest 1.0.9_autoconf"
| #define PACKAGE_BUGREPORT "opensource@google.com"
| #define PACKAGE_URL ""
| #define STRESSAPPTEST_CPU_AARCH64 /**/
| #define STRESSAPPTEST_OS_LINUX /**/
| #define PACKAGE "stressapptest"
| #define VERSION "1.0.9_autoconf"
| #define STRESSAPPTEST_TIMESTAMP "pcie @ ubuntu on Wed Jul 15 20:42:59 CST 2020"
| #define HAVE_DIRENT_H 1
| #define STDC_HEADERS 1
| #define HAVE_SYS_TYPES_H 1
| #define HAVE_SYS_STAT_H 1
| #define HAVE_STDLIB_H 1
| #define HAVE_STRING_H 1
| #define HAVE_MEMORY_H 1
| #define HAVE_STRINGS_H 1
| #define HAVE_INTTYPES_H 1
| #define HAVE_STDINT_H 1
| #define HAVE_UNISTD_H 1
| #define HAVE_ARPA_INET_H 1
| #define HAVE_FCNTL_H 1
| #define HAVE_NETDB_H 1
| #define HAVE_STDINT_H 1
| #define HAVE_STDLIB_H 1
| #define HAVE_STRING_H 1
| #define HAVE_SYS_IOCTL_H 1
| #define HAVE_SYS_SOCKET_H 1
| #define HAVE_SYS_TIME_H 1
| #define HAVE_UNISTD_H 1
| #define HAVE_PTHREAD_H 1
| #define HAVE_PTHREAD_BARRIERS 1
| #define HAVE_SYS_SHM_H 1
| #define HAVE__BOOL 1
| #define HAVE_STDBOOL_H 1
| #define restrict __restrict
| /* end confdefs.h.  */
| #include <stdio.h>
| #ifdef HAVE_SYS_TYPES_H
| # include <sys/types.h>
| #endif
| #ifdef HAVE_SYS_STAT_H
| # include <sys/stat.h>
| #endif
| #ifdef STDC_HEADERS
| # include <stdlib.h>
| # include <stddef.h>
| #else
| # ifdef HAVE_STDLIB_H
| #  include <stdlib.h>
| # endif
| #endif
| #ifdef HAVE_STRING_H
| # if !defined STDC_HEADERS && defined HAVE_MEMORY_H
| #  include <memory.h>
| # endif
| # include <string.h>
| #endif
| #ifdef HAVE_STRINGS_H
| # include <strings.h>
| #endif
| #ifdef HAVE_INTTYPES_H
| # include <inttypes.h>
| #endif
| #ifdef HAVE_STDINT_H
| # include <stdint.h>
| #endif
| #ifdef HAVE_UNISTD_H
| # include <unistd.h>
| #endif
| int
| main ()
| {
| if (sizeof ((size_t)))
| 	    return 0;
|   ;
|   return 0;
| }
configure:5520: result: yes
configure:5531: checking for ssize_t
configure:5531: aarch64-linux-gnu-gcc -c -g -O2  conftest.c >&5
configure:5531: $? = 0
configure:5531: aarch64-linux-gnu-gcc -c -g -O2  conftest.c >&5
conftest.c: In function 'main':
conftest.c:77:22: error: expected expression before ')' token
 if (sizeof ((ssize_t)))
                      ^
configure:5531: $? = 1
configure: failed program was:
| /* confdefs.h */
| #define PACKAGE_NAME "stressapptest"
| #define PACKAGE_TARNAME "stressapptest"
| #define PACKAGE_VERSION "1.0.9_autoconf"
| #define PACKAGE_STRING "stressapptest 1.0.9_autoconf"
| #define PACKAGE_BUGREPORT "opensource@google.com"
| #define PACKAGE_URL ""
| #define STRESSAPPTEST_CPU_AARCH64 /**/
| #define STRESSAPPTEST_OS_LINUX /**/
| #define PACKAGE "stressapptest"
| #define VERSION "1.0.9_autoconf"
| #define STRESSAPPTEST_TIMESTAMP "pcie @ ubuntu on Wed Jul 15 20:42:59 CST 2020"
| #define HAVE_DIRENT_H 1
| #define STDC_HEADERS 1
| #define HAVE_SYS_TYPES_H 1
| #define HAVE_SYS_STAT_H 1
| #define HAVE_STDLIB_H 1
| #define HAVE_STRING_H 1
| #define HAVE_MEMORY_H 1
| #define HAVE_STRINGS_H 1
| #define HAVE_INTTYPES_H 1
| #define HAVE_STDINT_H 1
| #define HAVE_UNISTD_H 1
| #define HAVE_ARPA_INET_H 1
| #define HAVE_FCNTL_H 1
| #define HAVE_NETDB_H 1
| #define HAVE_STDINT_H 1
| #define HAVE_STDLIB_H 1
| #define HAVE_STRING_H 1
| #define HAVE_SYS_IOCTL_H 1
| #define HAVE_SYS_SOCKET_H 1
| #define HAVE_SYS_TIME_H 1
| #define HAVE_UNISTD_H 1
| #define HAVE_PTHREAD_H 1
| #define HAVE_PTHREAD_BARRIERS 1
| #define HAVE_SYS_SHM_H 1
| #define HAVE__BOOL 1
| #define HAVE_STDBOOL_H 1
| #define restrict __restrict
| /* end confdefs.h.  */
| #include <stdio.h>
| #ifdef HAVE_SYS_TYPES_H
| # include <sys/types.h>
| #endif
| #ifdef HAVE_SYS_STAT_H
| # include <sys/stat.h>
| #endif
| #ifdef STDC_HEADERS
| # include <stdlib.h>
| # include <stddef.h>
| #else
| # ifdef HAVE_STDLIB_H
| #  include <stdlib.h>
| # endif
| #endif
| #ifdef HAVE_STRING_H
| # if !defined STDC_HEADERS && defined HAVE_MEMORY_H
| #  include <memory.h>
| # endif
| # include <string.h>
| #endif
| #ifdef HAVE_STRINGS_H
| # include <strings.h>
| #endif
| #ifdef HAVE_INTTYPES_H
| # include <inttypes.h>
| #endif
| #ifdef HAVE_STDINT_H
| # include <stdint.h>
| #endif
| #ifdef HAVE_UNISTD_H
| # include <unistd.h>
| #endif
| int
| main ()
| {
| if (sizeof ((ssize_t)))
| 	    return 0;
|   ;
|   return 0;
| }
configure:5531: result: yes
configure:5542: checking whether time.h and sys/time.h may both be included
configure:5562: aarch64-linux-gnu-gcc -c -g -O2  conftest.c >&5
configure:5562: $? = 0
configure:5569: result: yes
configure:5577: checking for uint16_t
configure:5577: aarch64-linux-gnu-gcc -c -g -O2  conftest.c >&5
configure:5577: $? = 0
configure:5577: result: yes
configure:5589: checking for working volatile
configure:5608: aarch64-linux-gnu-gcc -c -g -O2  conftest.c >&5
configure:5608: $? = 0
configure:5615: result: yes
configure:5626: checking whether closedir returns void
configure:5660: result: yes
configure:5669: checking whether aarch64-linux-gnu-gcc needs -traditional
configure:5703: result: no
configure:5713: checking sys/select.h usability
configure:5713: aarch64-linux-gnu-gcc -c -g -O2  conftest.c >&5
configure:5713: $? = 0
configure:5713: result: yes
configure:5713: checking sys/select.h presence
configure:5713: aarch64-linux-gnu-gcc -E  conftest.c
configure:5713: $? = 0
configure:5713: result: yes
configure:5713: checking for sys/select.h
configure:5713: result: yes
configure:5713: checking for sys/socket.h
configure:5713: result: yes
configure:5723: checking types of arguments for select
configure:5751: aarch64-linux-gnu-gcc -c -g -O2  conftest.c >&5
configure:5751: $? = 0
configure:5762: result: int,fd_set *,struct timeval *
configure:5785: checking return type of signal handlers
configure:5803: aarch64-linux-gnu-gcc -c -g -O2  conftest.c >&5
conftest.c: In function 'main':
conftest.c:54:10: error: void value not ignored as it ought to be
 return *(signal (0, 0)) (0) == 1;
         ~^~~~~~~~~~~~~~~~~~
configure:5803: $? = 1
configure: failed program was:
| /* confdefs.h */
| #define PACKAGE_NAME "stressapptest"
| #define PACKAGE_TARNAME "stressapptest"
| #define PACKAGE_VERSION "1.0.9_autoconf"
| #define PACKAGE_STRING "stressapptest 1.0.9_autoconf"
| #define PACKAGE_BUGREPORT "opensource@google.com"
| #define PACKAGE_URL ""
| #define STRESSAPPTEST_CPU_AARCH64 /**/
| #define STRESSAPPTEST_OS_LINUX /**/
| #define PACKAGE "stressapptest"
| #define VERSION "1.0.9_autoconf"
| #define STRESSAPPTEST_TIMESTAMP "pcie @ ubuntu on Wed Jul 15 20:42:59 CST 2020"
| #define HAVE_DIRENT_H 1
| #define STDC_HEADERS 1
| #define HAVE_SYS_TYPES_H 1
| #define HAVE_SYS_STAT_H 1
| #define HAVE_STDLIB_H 1
| #define HAVE_STRING_H 1
| #define HAVE_MEMORY_H 1
| #define HAVE_STRINGS_H 1
| #define HAVE_INTTYPES_H 1
| #define HAVE_STDINT_H 1
| #define HAVE_UNISTD_H 1
| #define HAVE_ARPA_INET_H 1
| #define HAVE_FCNTL_H 1
| #define HAVE_NETDB_H 1
| #define HAVE_STDINT_H 1
| #define HAVE_STDLIB_H 1
| #define HAVE_STRING_H 1
| #define HAVE_SYS_IOCTL_H 1
| #define HAVE_SYS_SOCKET_H 1
| #define HAVE_SYS_TIME_H 1
| #define HAVE_UNISTD_H 1
| #define HAVE_PTHREAD_H 1
| #define HAVE_PTHREAD_BARRIERS 1
| #define HAVE_SYS_SHM_H 1
| #define HAVE__BOOL 1
| #define HAVE_STDBOOL_H 1
| #define restrict __restrict
| #define TIME_WITH_SYS_TIME 1
| #define CLOSEDIR_VOID 1
| #define HAVE_SYS_SELECT_H 1
| #define HAVE_SYS_SOCKET_H 1
| #define SELECT_TYPE_ARG1 int
| #define SELECT_TYPE_ARG234 (fd_set *)
| #define SELECT_TYPE_ARG5 (struct timeval *)
| /* end confdefs.h.  */
| #include <sys/types.h>
| #include <signal.h>
| 
| int
| main ()
| {
| return *(signal (0, 0)) (0) == 1;
|   ;
|   return 0;
| }
configure:5810: result: void
configure:5818: checking whether strerror_r is declared
configure:5818: aarch64-linux-gnu-gcc -c -g -O2  conftest.c >&5
configure:5818: $? = 0
configure:5818: result: yes
configure:5831: checking for strerror_r
configure:5831: aarch64-linux-gnu-gcc -o conftest -g -O2   conftest.c -lrt -lpthread  -static >&5
configure:5831: $? = 0
configure:5831: result: yes
configure:5840: checking whether strerror_r returns char *
configure:5864: aarch64-linux-gnu-gcc -c -g -O2  conftest.c >&5
conftest.c: In function 'main':
conftest.c:89:13: error: invalid type argument of unary '*' (have 'int')
    char x = *strerror_r (0, buf, sizeof buf);
             ^~~~~~~~~~~~~~~~~~~~~~~~~~~~~~~~
conftest.c:90:14: warning: initialization makes pointer from integer without a cast [-Wint-conversion]
    char *p = strerror_r (0, buf, sizeof buf);
              ^~~~~~~~~~
configure:5864: $? = 1
configure: failed program was:
| /* confdefs.h */
| #define PACKAGE_NAME "stressapptest"
| #define PACKAGE_TARNAME "stressapptest"
| #define PACKAGE_VERSION "1.0.9_autoconf"
| #define PACKAGE_STRING "stressapptest 1.0.9_autoconf"
| #define PACKAGE_BUGREPORT "opensource@google.com"
| #define PACKAGE_URL ""
| #define STRESSAPPTEST_CPU_AARCH64 /**/
| #define STRESSAPPTEST_OS_LINUX /**/
| #define PACKAGE "stressapptest"
| #define VERSION "1.0.9_autoconf"
| #define STRESSAPPTEST_TIMESTAMP "pcie @ ubuntu on Wed Jul 15 20:42:59 CST 2020"
| #define HAVE_DIRENT_H 1
| #define STDC_HEADERS 1
| #define HAVE_SYS_TYPES_H 1
| #define HAVE_SYS_STAT_H 1
| #define HAVE_STDLIB_H 1
| #define HAVE_STRING_H 1
| #define HAVE_MEMORY_H 1
| #define HAVE_STRINGS_H 1
| #define HAVE_INTTYPES_H 1
| #define HAVE_STDINT_H 1
| #define HAVE_UNISTD_H 1
| #define HAVE_ARPA_INET_H 1
| #define HAVE_FCNTL_H 1
| #define HAVE_NETDB_H 1
| #define HAVE_STDINT_H 1
| #define HAVE_STDLIB_H 1
| #define HAVE_STRING_H 1
| #define HAVE_SYS_IOCTL_H 1
| #define HAVE_SYS_SOCKET_H 1
| #define HAVE_SYS_TIME_H 1
| #define HAVE_UNISTD_H 1
| #define HAVE_PTHREAD_H 1
| #define HAVE_PTHREAD_BARRIERS 1
| #define HAVE_SYS_SHM_H 1
| #define HAVE__BOOL 1
| #define HAVE_STDBOOL_H 1
| #define restrict __restrict
| #define TIME_WITH_SYS_TIME 1
| #define CLOSEDIR_VOID 1
| #define HAVE_SYS_SELECT_H 1
| #define HAVE_SYS_SOCKET_H 1
| #define SELECT_TYPE_ARG1 int
| #define SELECT_TYPE_ARG234 (fd_set *)
| #define SELECT_TYPE_ARG5 (struct timeval *)
| #define RETSIGTYPE void
| #define HAVE_DECL_STRERROR_R 1
| #define HAVE_STRERROR_R 1
| /* end confdefs.h.  */
| #include <stdio.h>
| #ifdef HAVE_SYS_TYPES_H
| # include <sys/types.h>
| #endif
| #ifdef HAVE_SYS_STAT_H
| # include <sys/stat.h>
| #endif
| #ifdef STDC_HEADERS
| # include <stdlib.h>
| # include <stddef.h>
| #else
| # ifdef HAVE_STDLIB_H
| #  include <stdlib.h>
| # endif
| #endif
| #ifdef HAVE_STRING_H
| # if !defined STDC_HEADERS && defined HAVE_MEMORY_H
| #  include <memory.h>
| # endif
| # include <string.h>
| #endif
| #ifdef HAVE_STRINGS_H
| # include <strings.h>
| #endif
| #ifdef HAVE_INTTYPES_H
| # include <inttypes.h>
| #endif
| #ifdef HAVE_STDINT_H
| # include <stdint.h>
| #endif
| #ifdef HAVE_UNISTD_H
| # include <unistd.h>
| #endif
| int
| main ()
| {
| 
| 	  char buf[100];
| 	  char x = *strerror_r (0, buf, sizeof buf);
| 	  char *p = strerror_r (0, buf, sizeof buf);
| 	  return !p || x;
| 
|   ;
|   return 0;
| }
configure:5902: result: no
configure:5912: checking for vprintf
configure:5912: aarch64-linux-gnu-gcc -o conftest -g -O2   conftest.c -lrt -lpthread  -static >&5
conftest.c:74:6: warning: conflicting types for built-in function 'vprintf'
 char vprintf ();
      ^~~~~~~
configure:5912: $? = 0
configure:5912: result: yes
configure:5918: checking for _doprnt
configure:5918: aarch64-linux-gnu-gcc -o conftest -g -O2   conftest.c -lrt -lpthread  -static >&5
/tmp/ccHLSRfH.o: In function `main':
/home/pcie/compiling-library/stressapptest/stressapptest-master/conftest.c:86: undefined reference to `_doprnt'
collect2: error: ld returned 1 exit status
configure:5918: $? = 1
configure: failed program was:
| /* confdefs.h */
| #define PACKAGE_NAME "stressapptest"
| #define PACKAGE_TARNAME "stressapptest"
| #define PACKAGE_VERSION "1.0.9_autoconf"
| #define PACKAGE_STRING "stressapptest 1.0.9_autoconf"
| #define PACKAGE_BUGREPORT "opensource@google.com"
| #define PACKAGE_URL ""
| #define STRESSAPPTEST_CPU_AARCH64 /**/
| #define STRESSAPPTEST_OS_LINUX /**/
| #define PACKAGE "stressapptest"
| #define VERSION "1.0.9_autoconf"
| #define STRESSAPPTEST_TIMESTAMP "pcie @ ubuntu on Wed Jul 15 20:42:59 CST 2020"
| #define HAVE_DIRENT_H 1
| #define STDC_HEADERS 1
| #define HAVE_SYS_TYPES_H 1
| #define HAVE_SYS_STAT_H 1
| #define HAVE_STDLIB_H 1
| #define HAVE_STRING_H 1
| #define HAVE_MEMORY_H 1
| #define HAVE_STRINGS_H 1
| #define HAVE_INTTYPES_H 1
| #define HAVE_STDINT_H 1
| #define HAVE_UNISTD_H 1
| #define HAVE_ARPA_INET_H 1
| #define HAVE_FCNTL_H 1
| #define HAVE_NETDB_H 1
| #define HAVE_STDINT_H 1
| #define HAVE_STDLIB_H 1
| #define HAVE_STRING_H 1
| #define HAVE_SYS_IOCTL_H 1
| #define HAVE_SYS_SOCKET_H 1
| #define HAVE_SYS_TIME_H 1
| #define HAVE_UNISTD_H 1
| #define HAVE_PTHREAD_H 1
| #define HAVE_PTHREAD_BARRIERS 1
| #define HAVE_SYS_SHM_H 1
| #define HAVE__BOOL 1
| #define HAVE_STDBOOL_H 1
| #define restrict __restrict
| #define TIME_WITH_SYS_TIME 1
| #define CLOSEDIR_VOID 1
| #define HAVE_SYS_SELECT_H 1
| #define HAVE_SYS_SOCKET_H 1
| #define SELECT_TYPE_ARG1 int
| #define SELECT_TYPE_ARG234 (fd_set *)
| #define SELECT_TYPE_ARG5 (struct timeval *)
| #define RETSIGTYPE void
| #define HAVE_DECL_STRERROR_R 1
| #define HAVE_STRERROR_R 1
| #define HAVE_VPRINTF 1
| /* end confdefs.h.  */
| /* Define _doprnt to an innocuous variant, in case <limits.h> declares _doprnt.
|    For example, HP-UX 11i <limits.h> declares gettimeofday.  */
| #define _doprnt innocuous__doprnt
| 
| /* System header to define __stub macros and hopefully few prototypes,
|     which can conflict with char _doprnt (); below.
|     Prefer <limits.h> to <assert.h> if __STDC__ is defined, since
|     <limits.h> exists even on freestanding compilers.  */
| 
| #ifdef __STDC__
| # include <limits.h>
| #else
| # include <assert.h>
| #endif
| 
| #undef _doprnt
| 
| /* Override any GCC internal prototype to avoid an error.
|    Use char because int might match the return type of a GCC
|    builtin and then its argument prototype would still apply.  */
| #ifdef __cplusplus
| extern "C"
| #endif
| char _doprnt ();
| /* The GNU C library defines this for functions which it implements
|     to always fail with ENOSYS.  Some functions are actually named
|     something starting with __ and the normal name is an alias.  */
| #if defined __stub__doprnt || defined __stub____doprnt
| choke me
| #endif
| 
| int
| main ()
| {
| return _doprnt ();
|   ;
|   return 0;
| }
configure:5918: result: no
configure:5932: checking for ftruncate
configure:5932: aarch64-linux-gnu-gcc -o conftest -g -O2   conftest.c -lrt -lpthread  -static >&5
configure:5932: $? = 0
configure:5932: result: yes
configure:5932: checking for gettimeofday
configure:5932: aarch64-linux-gnu-gcc -o conftest -g -O2   conftest.c -lrt -lpthread  -static >&5
configure:5932: $? = 0
configure:5932: result: yes
configure:5932: checking for memset
configure:5932: aarch64-linux-gnu-gcc -o conftest -g -O2   conftest.c -lrt -lpthread  -static >&5
conftest.c:77:6: warning: conflicting types for built-in function 'memset'
 char memset ();
      ^~~~~~
configure:5932: $? = 0
configure:5932: result: yes
configure:5932: checking for munmap
configure:5932: aarch64-linux-gnu-gcc -o conftest -g -O2   conftest.c -lrt -lpthread  -static >&5
configure:5932: $? = 0
configure:5932: result: yes
configure:5932: checking for select
configure:5932: aarch64-linux-gnu-gcc -o conftest -g -O2   conftest.c -lrt -lpthread  -static >&5
configure:5932: $? = 0
configure:5932: result: yes
configure:5932: checking for socket
configure:5932: aarch64-linux-gnu-gcc -o conftest -g -O2   conftest.c -lrt -lpthread  -static >&5
configure:5932: $? = 0
configure:5932: result: yes
configure:5932: checking for strtol
configure:5932: aarch64-linux-gnu-gcc -o conftest -g -O2   conftest.c -lrt -lpthread  -static >&5
configure:5932: $? = 0
configure:5932: result: yes
configure:5932: checking for strtoull
configure:5932: aarch64-linux-gnu-gcc -o conftest -g -O2   conftest.c -lrt -lpthread  -static >&5
configure:5932: $? = 0
configure:5932: result: yes
configure:5944: checking for mmap64
configure:5944: aarch64-linux-gnu-gcc -o conftest -g -O2   conftest.c -lrt -lpthread  -static >&5
configure:5944: $? = 0
configure:5944: result: yes
configure:5944: checking for posix_memalign
configure:5944: aarch64-linux-gnu-gcc -o conftest -g -O2   conftest.c -lrt -lpthread  -static >&5
conftest.c:84:6: warning: conflicting types for built-in function 'posix_memalign'
 char posix_memalign ();
      ^~~~~~~~~~~~~~
configure:5944: $? = 0
configure:5944: result: yes
configure:5944: checking for rand_r
configure:5944: aarch64-linux-gnu-gcc -o conftest -g -O2   conftest.c -lrt -lpthread  -static >&5
configure:5944: $? = 0
configure:5944: result: yes
configure:5944: checking for sched_getaffinity
configure:5944: aarch64-linux-gnu-gcc -o conftest -g -O2   conftest.c -lrt -lpthread  -static >&5
configure:5944: $? = 0
configure:5944: result: yes
configure:6090: creating ./config.status

## ---------------------- ##
## Running config.status. ##
## ---------------------- ##

This file was extended by stressapptest config.status 1.0.9_autoconf, which was
generated by GNU Autoconf 2.69.  Invocation command line was

  CONFIG_FILES    = 
  CONFIG_HEADERS  = 
  CONFIG_LINKS    = 
  CONFIG_COMMANDS = 
  $ ./config.status 

on ubuntu

config.status:906: creating Makefile
config.status:906: creating src/Makefile
config.status:906: creating src/stressapptest_config.h
config.status:1135: executing depfiles commands

## ---------------- ##
## Cache variables. ##
## ---------------- ##

ac_cv_build=x86_64-pc-linux-gnu
ac_cv_c_compiler_gnu=yes
ac_cv_c_const=yes
ac_cv_c_inline=inline
ac_cv_c_restrict=__restrict
ac_cv_c_uint16_t=yes
ac_cv_c_volatile=yes
ac_cv_cxx_compiler_gnu=yes
ac_cv_env_CCC_set=
ac_cv_env_CCC_value=
ac_cv_env_CC_set=
ac_cv_env_CC_value=
ac_cv_env_CFLAGS_set=
ac_cv_env_CFLAGS_value=
ac_cv_env_CPPFLAGS_set=
ac_cv_env_CPPFLAGS_value=
ac_cv_env_CPP_set=
ac_cv_env_CPP_value=
ac_cv_env_CXXFLAGS_set=
ac_cv_env_CXXFLAGS_value=
ac_cv_env_CXX_set=
ac_cv_env_CXX_value=
ac_cv_env_LDFLAGS_set=
ac_cv_env_LDFLAGS_value=
ac_cv_env_LIBS_set=
ac_cv_env_LIBS_value=
ac_cv_env_build_alias_set=
ac_cv_env_build_alias_value=
ac_cv_env_host_alias_set=set
ac_cv_env_host_alias_value=aarch64-linux-gnu
ac_cv_env_target_alias_set=
ac_cv_env_target_alias_value=
ac_cv_func__doprnt=no
ac_cv_func_closedir_void=yes
ac_cv_func_ftruncate=yes
ac_cv_func_gettimeofday=yes
ac_cv_func_memset=yes
ac_cv_func_mmap64=yes
ac_cv_func_munmap=yes
ac_cv_func_posix_memalign=yes
ac_cv_func_rand_r=yes
ac_cv_func_sched_getaffinity=yes
ac_cv_func_select=yes
ac_cv_func_select_args='int,fd_set *,struct timeval *'
ac_cv_func_socket=yes
ac_cv_func_strerror_r=yes
ac_cv_func_strerror_r_char_p=no
ac_cv_func_strtol=yes
ac_cv_func_strtoull=yes
ac_cv_func_vprintf=yes
ac_cv_have_decl_strerror_r=yes
ac_cv_header_arpa_inet_h=yes
ac_cv_header_dirent_dirent_h=yes
ac_cv_header_fcntl_h=yes
ac_cv_header_inttypes_h=yes
ac_cv_header_libaio_h=no
ac_cv_header_memory_h=yes
ac_cv_header_netdb_h=yes
ac_cv_header_pthread_h=yes
ac_cv_header_stdbool_h=yes
ac_cv_header_stdc=yes
ac_cv_header_stdint_h=yes
ac_cv_header_stdlib_h=yes
ac_cv_header_string_h=yes
ac_cv_header_strings_h=yes
ac_cv_header_sys_ioctl_h=yes
ac_cv_header_sys_select_h=yes
ac_cv_header_sys_shm_h=yes
ac_cv_header_sys_socket_h=yes
ac_cv_header_sys_stat_h=yes
ac_cv_header_sys_time_h=yes
ac_cv_header_sys_types_h=yes
ac_cv_header_time=yes
ac_cv_header_unistd_h=yes
ac_cv_host=aarch64-unknown-linux-gnu
ac_cv_objext=o
ac_cv_path_EGREP='/bin/grep -E'
ac_cv_path_GREP=/bin/grep
ac_cv_path_install='/usr/bin/install -c'
ac_cv_path_mkdir=/bin/mkdir
ac_cv_prog_AWK=gawk
ac_cv_prog_CC=aarch64-linux-gnu-gcc
ac_cv_prog_CPP='aarch64-linux-gnu-gcc -E'
ac_cv_prog_CXX=aarch64-linux-gnu-g++
ac_cv_prog_STRIP=aarch64-linux-gnu-strip
ac_cv_prog_cc_c89=
ac_cv_prog_cc_g=yes
ac_cv_prog_cxx_g=yes
ac_cv_prog_gcc_traditional=no
ac_cv_prog_make_make_set=yes
ac_cv_search_io_setup=no
ac_cv_search_opendir='none required'
ac_cv_search_pthread_create=-lpthread
ac_cv_search_shm_open=-lrt
ac_cv_type__Bool=yes
ac_cv_type_pid_t=yes
ac_cv_type_pthread_barrier_t=yes
ac_cv_type_signal=void
ac_cv_type_size_t=yes
ac_cv_type_ssize_t=yes
am_cv_CC_dependencies_compiler_type=gcc3
am_cv_CXX_dependencies_compiler_type=gcc3

## ----------------- ##
## Output variables. ##
## ----------------- ##

ACLOCAL='${SHELL} /home/pcie/compiling-library/stressapptest/stressapptest-master/missing --run aclocal-1.11'
AMDEPBACKSLASH='\'
AMDEP_FALSE='#'
AMDEP_TRUE=''
AMTAR='${SHELL} /home/pcie/compiling-library/stressapptest/stressapptest-master/missing --run tar'
AUTOCONF='${SHELL} /home/pcie/compiling-library/stressapptest/stressapptest-master/missing --run autoconf'
AUTOHEADER='${SHELL} /home/pcie/compiling-library/stressapptest/stressapptest-master/missing --run autoheader'
AUTOMAKE='${SHELL} /home/pcie/compiling-library/stressapptest/stressapptest-master/missing --run automake-1.11'
AWK='gawk'
CC='aarch64-linux-gnu-gcc'
CCDEPMODE='depmode=gcc3'
CFLAGS='-g -O2'
CPP='aarch64-linux-gnu-gcc -E'
CPPFLAGS=''
CXX='aarch64-linux-gnu-g++'
CXXDEPMODE='depmode=gcc3'
CXXFLAGS=' -DCHECKOPTS -Wreturn-type -Wunused -Wuninitialized -Wall -O3 -funroll-all-loops  -funroll-loops -DNDEBUG'
CYGPATH_W='echo'
DEFS='-DHAVE_CONFIG_H'
DEPDIR='.deps'
ECHO_C=''
ECHO_N='-n'
ECHO_T=''
EGREP='/bin/grep -E'
EXEEXT=''
GREP='/bin/grep'
INSTALL_DATA='${INSTALL} -m 644'
INSTALL_PROGRAM='${INSTALL}'
INSTALL_SCRIPT='${INSTALL}'
INSTALL_STRIP_PROGRAM='$(install_sh) -c -s'
LDFLAGS=''
LIBOBJS=''
LIBS='-lrt -lpthread  -static'
LTLIBOBJS=''
MAKEINFO='${SHELL} /home/pcie/compiling-library/stressapptest/stressapptest-master/missing --run makeinfo'
MKDIR_P='/bin/mkdir -p'
OBJEXT='o'
PACKAGE='stressapptest'
PACKAGE_BUGREPORT='opensource@google.com'
PACKAGE_NAME='stressapptest'
PACKAGE_STRING='stressapptest 1.0.9_autoconf'
PACKAGE_TARNAME='stressapptest'
PACKAGE_URL=''
PACKAGE_VERSION='1.0.9_autoconf'
PATH_SEPARATOR=':'
SET_MAKE=''
SHELL='/bin/bash'
STRIP='aarch64-linux-gnu-strip'
VERSION='1.0.9_autoconf'
ac_ct_CC=''
ac_ct_CXX=''
am__EXEEXT_FALSE=''
am__EXEEXT_TRUE='#'
am__fastdepCC_FALSE='#'
am__fastdepCC_TRUE=''
am__fastdepCXX_FALSE='#'
am__fastdepCXX_TRUE=''
am__include='include'
am__isrc=''
am__leading_dot='.'
am__quote=''
am__tar='${AMTAR} chof - "$$tardir"'
am__untar='${AMTAR} xf -'
bindir='${exec_prefix}/bin'
build='x86_64-pc-linux-gnu'
build_alias=''
build_cpu='x86_64'
build_os='linux-gnu'
build_vendor='pc'
datadir='${datarootdir}'
datarootdir='${prefix}/share'
docdir='${datarootdir}/doc/${PACKAGE_TARNAME}'
dvidir='${docdir}'
exec_prefix='${prefix}'
host='aarch64-unknown-linux-gnu'
host_alias='aarch64-linux-gnu'
host_cpu='aarch64'
host_os='linux-gnu'
host_vendor='unknown'
htmldir='${docdir}'
includedir='${prefix}/include'
infodir='${datarootdir}/info'
install_sh='${SHELL} /home/pcie/compiling-library/stressapptest/stressapptest-master/install-sh'
libdir='${exec_prefix}/lib'
libexecdir='${exec_prefix}/libexec'
localedir='${datarootdir}/locale'
localstatedir='${prefix}/var'
mandir='${datarootdir}/man'
mkdir_p='/bin/mkdir -p'
oldincludedir='/usr/include'
pdfdir='${docdir}'
prefix='/usr/local'
program_transform_name='s,x,x,'
psdir='${docdir}'
runstatedir='${localstatedir}/run'
sbindir='${exec_prefix}/sbin'
sharedstatedir='${prefix}/com'
sysconfdir='${prefix}/etc'
target_alias=''

## ----------- ##
## confdefs.h. ##
## ----------- ##

/* confdefs.h */
#define PACKAGE_NAME "stressapptest"
#define PACKAGE_TARNAME "stressapptest"
#define PACKAGE_VERSION "1.0.9_autoconf"
#define PACKAGE_STRING "stressapptest 1.0.9_autoconf"
#define PACKAGE_BUGREPORT "opensource@google.com"
#define PACKAGE_URL ""
#define STRESSAPPTEST_CPU_AARCH64 /**/
#define STRESSAPPTEST_OS_LINUX /**/
#define PACKAGE "stressapptest"
#define VERSION "1.0.9_autoconf"
#define STRESSAPPTEST_TIMESTAMP "pcie @ ubuntu on Wed Jul 15 20:42:59 CST 2020"
#define HAVE_DIRENT_H 1
#define STDC_HEADERS 1
#define HAVE_SYS_TYPES_H 1
#define HAVE_SYS_STAT_H 1
#define HAVE_STDLIB_H 1
#define HAVE_STRING_H 1
#define HAVE_MEMORY_H 1
#define HAVE_STRINGS_H 1
#define HAVE_INTTYPES_H 1
#define HAVE_STDINT_H 1
#define HAVE_UNISTD_H 1
#define HAVE_ARPA_INET_H 1
#define HAVE_FCNTL_H 1
#define HAVE_NETDB_H 1
#define HAVE_STDINT_H 1
#define HAVE_STDLIB_H 1
#define HAVE_STRING_H 1
#define HAVE_SYS_IOCTL_H 1
#define HAVE_SYS_SOCKET_H 1
#define HAVE_SYS_TIME_H 1
#define HAVE_UNISTD_H 1
#define HAVE_PTHREAD_H 1
#define HAVE_PTHREAD_BARRIERS 1
#define HAVE_SYS_SHM_H 1
#define HAVE__BOOL 1
#define HAVE_STDBOOL_H 1
#define restrict __restrict
#define TIME_WITH_SYS_TIME 1
#define CLOSEDIR_VOID 1
#define HAVE_SYS_SELECT_H 1
#define HAVE_SYS_SOCKET_H 1
#define SELECT_TYPE_ARG1 int
#define SELECT_TYPE_ARG234 (fd_set *)
#define SELECT_TYPE_ARG5 (struct timeval *)
#define RETSIGTYPE void
#define HAVE_DECL_STRERROR_R 1
#define HAVE_STRERROR_R 1
#define HAVE_VPRINTF 1
#define HAVE_FTRUNCATE 1
#define HAVE_GETTIMEOFDAY 1
#define HAVE_MEMSET 1
#define HAVE_MUNMAP 1
#define HAVE_SELECT 1
#define HAVE_SOCKET 1
#define HAVE_STRTOL 1
#define HAVE_STRTOULL 1
#define HAVE_MMAP64 1
#define HAVE_POSIX_MEMALIGN 1
#define HAVE_RAND_R 1
#define HAVE_SCHED_GETAFFINITY 1

configure: exit 0
